{"C:\\Users\\hp\\OneDrive\\Desktop\\vincitoreportal\\backend\\src\\api\\health\\health.js": {"path":"C:\\Users\\hp\\OneDrive\\Desktop\\vincitoreportal\\backend\\src\\api\\health\\health.js","statementMap":{"0":{"start":{"line":4,"column":15},"end":{"line":4,"column":31}},"1":{"start":{"line":6,"column":0},"end":{"line":6,"column":23}},"2":{"start":{"line":26,"column":0},"end":{"line":28,"column":3}},"3":{"start":{"line":27,"column":2},"end":{"line":27,"column":41}}},"fnMap":{"0":{"name":"(anonymous_0)","decl":{"start":{"line":26,"column":22},"end":{"line":26,"column":23}},"loc":{"start":{"line":26,"column":36},"end":{"line":28,"column":1}},"line":26}},"branchMap":{},"s":{"0":1,"1":1,"2":1,"3":1},"f":{"0":1},"b":{},"inputSourceMap":null,"_coverageSchema":"1a1c01bbd47fc00a2c39e90264f33305004495a9","hash":"c52d12084b4317c566b23ce913e799e0a4692db7"}
,"C:\\Users\\hp\\OneDrive\\Desktop\\vincitoreportal\\backend\\src\\middleware\\rateLimiter.js": {"path":"C:\\Users\\hp\\OneDrive\\Desktop\\vincitoreportal\\backend\\src\\middleware\\rateLimiter.js","statementMap":{"0":{"start":{"line":3,"column":19},"end":{"line":15,"column":2}},"1":{"start":{"line":11,"column":4},"end":{"line":11,"column":34}}},"fnMap":{"0":{"name":"(anonymous_0)","decl":{"start":{"line":10,"column":16},"end":{"line":10,"column":17}},"loc":{"start":{"line":10,"column":25},"end":{"line":12,"column":3}},"line":10}},"branchMap":{"0":{"loc":{"start":{"line":5,"column":7},"end":{"line":5,"column":36}},"type":"binary-expr","locations":[{"start":{"line":5,"column":7},"end":{"line":5,"column":29}},{"start":{"line":5,"column":33},"end":{"line":5,"column":36}}],"line":5},"1":{"loc":{"start":{"line":11,"column":11},"end":{"line":11,"column":33}},"type":"binary-expr","locations":[{"start":{"line":11,"column":11},"end":{"line":11,"column":23}},{"start":{"line":11,"column":27},"end":{"line":11,"column":33}}],"line":11}},"s":{"0":1,"1":1},"f":{"0":1},"b":{"0":[1,1],"1":[1,1]},"inputSourceMap":null,"_coverageSchema":"1a1c01bbd47fc00a2c39e90264f33305004495a9","hash":"11f6ee5146110fbdb9621f95f623c4c916490f2f"}
}
